    [edge 1/3] FAIL: HTTP Error 500: Internal Server Error
    [edge 1/3] FAIL: HTTP Error 500: Internal Server Error
    [edge 2/3] FAIL: HTTP Error 500: Internal Server Error
    [edge 2/3] FAIL: HTTP Error 500: Internal Server Error
    [edge 3/3] FAIL: HTTP Error 500: Internal Server Error
FAIL 03-problem HTTP Error 500: Internal Server Error
    [edge 3/3] FAIL: HTTP Error 500: Internal Server Error
FAIL 02-zaufanie HTTP Error 500: Internal Server Error
OK 04-rozwiazanie
OK 01-hero
OK 06-zastosowania
OK 05-demo
OK 07-zestaw
OK 08-porownanie
OK 10-opinie
OK 09-mid-cta
OK 11-galeria
OK 14-faq
OK 15-zamow
OK 16-final
GOTOWE desktop: 12 OK, 2 FAIL ['03-problem', '02-zaufanie']
