  [hero-t] local HIGH nieudany (HTTP 520: <!DOCTYPE html>
<!--[if lt IE 7]> <html class="no-js ie6 oldie" lang="en-US"> <![endif]-->
<!--[if IE 7]>    <) -> fallback edge MEDIUM
OK hero-t
OK hero-m
OK hero-d
OK problem
  [demo-02] local HIGH nieudany (HTTP 520: <!DOCTYPE html>
<!--[if lt IE 7]> <html class="no-js ie6 oldie" lang="en-US"> <![endif]-->
<!--[if IE 7]>    <) -> fallback edge MEDIUM
OK rozwiazanie
  [demo-03] local HIGH nieudany (HTTP 520: <!DOCTYPE html>
<!--[if lt IE 7]> <html class="no-js ie6 oldie" lang="en-US"> <![endif]-->
<!--[if IE 7]>    <) -> fallback edge MEDIUM
OK demo-02
OK demo-03
OK demo-01
OK zast-kominek
  [zast-warsztat] local HIGH nieudany (HTTP 520: <!DOCTYPE html>
<!--[if lt IE 7]> <html class="no-js ie6 oldie" lang="en-US"> <![endif]-->
<!--[if IE 7]>    <) -> fallback edge MEDIUM
  [zast-dzialka] local HIGH nieudany (HTTP 520: <!DOCTYPE html>
<!--[if lt IE 7]> <html class="no-js ie6 oldie" lang="en-US"> <![endif]-->
<!--[if IE 7]>    <) -> fallback edge MEDIUM
OK zast-gruz
OK zast-warsztat
OK zast-dzialka
OK mid-cta
OK final
GOTOWE sceny: 14 OK, 0 FAIL []
